<?xml version="1.0" encoding="UTF-8"?>
<!-- Generated by org.testng.reporters.JUnitReportReporter -->
<testsuite hostname="DESKTOP-8I8VLRQ" failures="0" tests="6" name="api.test.DDTests" time="7.166" errors="0" timestamp="2023-09-26T11:09:38 IST" skipped="0">
  <testcase classname="api.test.DDTests" name="testPostUser" time="1.205"/>
  <system-out/>
  <testcase classname="api.test.DDTests" name="testPostUser" time="1.131"/>
  <system-out/>
  <testcase classname="api.test.DDTests" name="testPostUser" time="1.375"/>
  <system-out/>
  <testcase classname="api.test.DDTests" name="testDeleteUserByName" time="1.128"/>
  <system-out/>
  <testcase classname="api.test.DDTests" name="testDeleteUserByName" time="1.144"/>
  <system-out/>
  <testcase classname="api.test.DDTests" name="testDeleteUserByName" time="1.183"/>
  <system-out/>
</testsuite> <!-- api.test.DDTests -->
