<?xml version="1.0" encoding="UTF-8"?>
<!-- Generated by org.testng.reporters.JUnitReportReporter -->
<testsuite hostname="DESKTOP-8I8VLRQ" failures="0" tests="4" name="api.test.UserTests" time="7.555" errors="0" timestamp="2023-09-19T21:25:49 IST" skipped="0">
  <testcase classname="api.test.UserTests" name="testPostUser" time="2.929"/>
  <system-out/>
  <testcase classname="api.test.UserTests" name="testGetUser" time="1.243"/>
  <system-out/>
  <testcase classname="api.test.UserTests" name="testPutUser" time="2.249"/>
  <system-out/>
  <testcase classname="api.test.UserTests" name="testDeleteUser" time="1.134"/>
  <system-out/>
</testsuite> <!-- api.test.UserTests -->
