<?xml version="1.0" encoding="UTF-8"?>
<!-- Generated by org.testng.reporters.JUnitReportReporter -->
<testsuite hostname="DESKTOP-8I8VLRQ" failures="0" tests="6" name="api.test.DDTests" time="6.889" errors="0" timestamp="2023-09-26T12:43:00 IST" skipped="0">
  <testcase classname="api.test.DDTests" name="testPostUser" time="1.190"/>
  <system-out/>
  <testcase classname="api.test.DDTests" name="testPostUser" time="1.126"/>
  <system-out/>
  <testcase classname="api.test.DDTests" name="testPostUser" time="1.142"/>
  <system-out/>
  <testcase classname="api.test.DDTests" name="testDeleteUserByName" time="1.144"/>
  <system-out/>
  <testcase classname="api.test.DDTests" name="testDeleteUserByName" time="1.157"/>
  <system-out/>
  <testcase classname="api.test.DDTests" name="testDeleteUserByName" time="1.130"/>
  <system-out/>
</testsuite> <!-- api.test.DDTests -->
