<?xml version="1.0" encoding="UTF-8"?>
<!-- Generated by org.testng.reporters.JUnitReportReporter -->
<testsuite hostname="DESKTOP-8I8VLRQ" failures="0" tests="4" name="api.test.UserTests2" time="7.265" errors="0" timestamp="2023-09-26T12:43:00 IST" skipped="0">
  <testcase classname="api.test.UserTests2" name="testPostUser" time="2.681"/>
  <system-out/>
  <testcase classname="api.test.UserTests2" name="testGetUser" time="1.173"/>
  <system-out/>
  <testcase classname="api.test.UserTests2" name="testPutUser" time="2.238"/>
  <system-out/>
  <testcase classname="api.test.UserTests2" name="testDeleteUser" time="1.173"/>
  <system-out/>
</testsuite> <!-- api.test.UserTests2 -->
